        -:    0:Source:memcached.c
        -:    0:Graph:memcached.gcno
        -:    0:Data:memcached.gcda
        -:    0:Runs:442
        -:    1:/* -*- Mode: C; tab-width: 4; c-basic-offset: 4; indent-tabs-mode: nil -*- */
        -:    2:/*
        -:    3: *  memcached - memory caching daemon
        -:    4: *
        -:    5: *       https://www.memcached.org/
        -:    6: *
        -:    7: *  Copyright 2003 Danga Interactive, Inc.  All rights reserved.
        -:    8: *
        -:    9: *  Use and distribution licensed under the BSD license.  See
        -:   10: *  the LICENSE file for full text.
        -:   11: *
        -:   12: *  Authors:
        -:   13: *      Anatoly Vorobey <mellon@pobox.com>
        -:   14: *      Brad Fitzpatrick <brad@danga.com>
        -:   15: */
        -:   16:#include "memcached.h"
        -:   17:#include "storage.h"
        -:   18:#include "authfile.h"
        -:   19:#include "restart.h"
        -:   20:#include <sys/stat.h>
        -:   21:#include <sys/socket.h>
        -:   22:#include <sys/un.h>
        -:   23:#include <signal.h>
        -:   24:#include <sys/param.h>
        -:   25:#include <sys/resource.h>
        -:   26:#include <sys/uio.h>
        -:   27:#include <ctype.h>
        -:   28:#include <stdarg.h>
        -:   29:
        -:   30:/* some POSIX systems need the following definition
        -:   31: * to get mlockall flags out of sys/mman.h.  */
        -:   32:#ifndef _P1003_1B_VISIBLE
        -:   33:#define _P1003_1B_VISIBLE
        -:   34:#endif
        -:   35:#include <pwd.h>
        -:   36:#include <sys/mman.h>
        -:   37:#include <fcntl.h>
        -:   38:#include <netinet/tcp.h>
        -:   39:#include <arpa/inet.h>
        -:   40:#include <errno.h>
        -:   41:#include <stdlib.h>
        -:   42:#include <stdio.h>
        -:   43:#include <string.h>
        -:   44:#include <time.h>
        -:   45:#include <assert.h>
        -:   46:#include <sysexits.h>
        -:   47:#include <stddef.h>
        -:   48:
        -:   49:#ifdef HAVE_GETOPT_LONG
        -:   50:#include <getopt.h>
        -:   51:#endif
        -:   52:
        -:   53:#ifdef TLS
        -:   54:#include "tls.h"
        -:   55:#endif
        -:   56:
        -:   57:#include "proto_text.h"
        -:   58:#include "proto_bin.h"
        -:   59:#include "proto_proxy.h"
        -:   60:
        -:   61:#if defined(__FreeBSD__)
        -:   62:#include <sys/sysctl.h>
        -:   63:#endif
        -:   64:
        -:   65:/*
        -:   66: * forward declarations
        -:   67: */
        -:   68:static void drive_machine(conn *c);
        -:   69:static int new_socket(struct addrinfo *ai);
        -:   70:static ssize_t tcp_read(conn *arg, void *buf, size_t count);
        -:   71:static ssize_t tcp_sendmsg(conn *arg, struct msghdr *msg, int flags);
        -:   72:static ssize_t tcp_write(conn *arg, void *buf, size_t count);
        -:   73:
        -:   74:enum try_read_result {
        -:   75:    READ_DATA_RECEIVED,
        -:   76:    READ_NO_DATA_RECEIVED,
        -:   77:    READ_ERROR,            /** an error occurred (on the socket) (or client closed connection) */
        -:   78:    READ_MEMORY_ERROR      /** failed to allocate more memory */
        -:   79:};
        -:   80:
        -:   81:static int try_read_command_negotiate(conn *c);
        -:   82:static int try_read_command_udp(conn *c);
        -:   83:
        -:   84:static enum try_read_result try_read_network(conn *c);
        -:   85:static enum try_read_result try_read_udp(conn *c);
        -:   86:
        -:   87:static int start_conn_timeout_thread(void);
        -:   88:
        -:   89:/* stats */
        -:   90:static void stats_init(void);
        -:   91:static void conn_to_str(const conn *c, char *addr, char *svr_addr);
        -:   92:
        -:   93:/* defaults */
        -:   94:static void settings_init(void);
        -:   95:
        -:   96:/* event handling, network IO */
        -:   97:static void event_handler(const evutil_socket_t fd, const short which, void *arg);
        -:   98:static void conn_close(conn *c);
        -:   99:static void conn_init(void);
        -:  100:static bool update_event(conn *c, const int new_flags);
        -:  101:static void complete_nread(conn *c);
        -:  102:
        -:  103:static void conn_free(conn *c);
        -:  104:
        -:  105:/** exported globals **/
        -:  106:struct stats stats;
        -:  107:struct stats_state stats_state;
        -:  108:struct settings settings;
        -:  109:time_t process_started;     /* when the process was started */
        -:  110:conn **conns;
        -:  111:
        -:  112:struct slab_rebalance slab_rebal;
        -:  113:volatile int slab_rebalance_signal;
        -:  114:#ifdef EXTSTORE
        -:  115:/* hoping this is temporary; I'd prefer to cut globals, but will complete this
        -:  116: * battle another day.
        -:  117: */
        -:  118:void *ext_storage = NULL;
        -:  119:#endif
        -:  120:/** file scope variables **/
        -:  121:static conn *listen_conn = NULL;
        -:  122:static int max_fds;
        -:  123:static struct event_base *main_base;
        -:  124:
        -:  125:enum transmit_result {
        -:  126:    TRANSMIT_COMPLETE,   /** All done writing. */
        -:  127:    TRANSMIT_INCOMPLETE, /** More data remaining to write. */
        -:  128:    TRANSMIT_SOFT_ERROR, /** Can't write any more right now. */
        -:  129:    TRANSMIT_HARD_ERROR  /** Can't write (c->state is set to conn_closing) */
        -:  130:};
        -:  131:
        -:  132:/* Default methods to read from/ write to a socket */
   624665:  133:ssize_t tcp_read(conn *c, void *buf, size_t count) {
  624665*:  134:    assert (c != NULL);
   624665:  135:    return read(c->sfd, buf, count);
        -:  136:}
        -:  137:
   419693:  138:ssize_t tcp_sendmsg(conn *c, struct msghdr *msg, int flags) {
  419693*:  139:    assert (c != NULL);
   419693:  140:    return sendmsg(c->sfd, msg, flags);
        -:  141:}
        -:  142:
     4044:  143:ssize_t tcp_write(conn *c, void *buf, size_t count) {
    4044*:  144:    assert (c != NULL);
     4044:  145:    return write(c->sfd, buf, count);
        -:  146:}
        -:  147:
        -:  148:static enum transmit_result transmit(conn *c);
        -:  149:
        -:  150:/* This reduces the latency without adding lots of extra wiring to be able to
        -:  151: * notify the listener thread of when to listen again.
        -:  152: * Also, the clock timer could be broken out into its own thread and we
        -:  153: * can block the listener via a condition.
        -:  154: */
        -:  155:static volatile bool allow_new_conns = true;
        -:  156:static int stop_main_loop = NOT_STOP;
        -:  157:static struct event maxconnsevent;
    #####:  158:static void maxconns_handler(const evutil_socket_t fd, const short which, void *arg) {
    #####:  159:    struct timeval t = {.tv_sec = 0, .tv_usec = 10000};
        -:  160:
    #####:  161:    if (fd == -42 || allow_new_conns == false) {
        -:  162:        /* reschedule in 10ms if we need to keep polling */
    #####:  163:        evtimer_set(&maxconnsevent, maxconns_handler, 0);
    #####:  164:        event_base_set(main_base, &maxconnsevent);
    #####:  165:        evtimer_add(&maxconnsevent, &t);
        -:  166:    } else {
    #####:  167:        evtimer_del(&maxconnsevent);
    #####:  168:        accept_new_conns(true);
        -:  169:    }
    #####:  170:}
        -:  171:
        -:  172:/*
        -:  173: * given time value that's either unix time or delta from current unix time, return
        -:  174: * unix time. Use the fact that delta can't exceed one month (and real time value can't
        -:  175: * be that low).
        -:  176: */
   358117:  177:rel_time_t realtime(const time_t exptime) {
        -:  178:    /* no. of seconds in 30 days - largest possible delta exptime */
        -:  179:
   358117:  180:    if (exptime == 0) return 0; /* 0 means never expire */
        -:  181:
     1659:  182:    if (exptime > REALTIME_MAXDELTA) {
        -:  183:        /* if item expiration is at/before the server started, give it an
        -:  184:           expiration time of 1 second after the server started.
        -:  185:           (because 0 means don't expire).  without this, we'd
        -:  186:           underflow and wrap around to some large value way in the
        -:  187:           future, effectively making items expiring in the past
        -:  188:           really expiring never */
       13:  189:        if (exptime <= process_started)
        -:  190:            return (rel_time_t)1;
        8:  191:        return (rel_time_t)(exptime - process_started);
        -:  192:    } else {
     1646:  193:        return (rel_time_t)(exptime + current_time);
        -:  194:    }
        -:  195:}
        -:  196:
      121:  197:static void stats_init(void) {
      121:  198:    memset(&stats, 0, sizeof(struct stats));
      121:  199:    memset(&stats_state, 0, sizeof(struct stats_state));
      121:  200:    stats_state.accepting_conns = true; /* assuming we start in this state. */
        -:  201:
        -:  202:    /* make the time we started always be 2 seconds before we really
        -:  203:       did, so time(0) - time.started is never zero.  if so, things
        -:  204:       like 'settings.oldest_live' which act as booleans as well as
        -:  205:       values are now false in boolean context... */
      121:  206:    process_started = time(0) - ITEM_UPDATE_INTERVAL - 2;
      121:  207:    stats_prefix_init(settings.prefix_delimiter);
      121:  208:}
        -:  209:
        3:  210:void stats_reset(void) {
        3:  211:    STATS_LOCK();
        3:  212:    memset(&stats, 0, sizeof(struct stats));
        3:  213:    stats_prefix_clear();
        3:  214:    STATS_UNLOCK();
        3:  215:    threadlocal_stats_reset();
        3:  216:    item_stats_reset();
        3:  217:}
        -:  218:
      441:  219:static void settings_init(void) {
      441:  220:    settings.use_cas = true;
      441:  221:    settings.access = 0700;
      441:  222:    settings.port = 11211;
      441:  223:    settings.udpport = 0;
        -:  224:#ifdef TLS
        -:  225:    settings.ssl_enabled = false;
        -:  226:    settings.ssl_ctx = NULL;
        -:  227:    settings.ssl_chain_cert = NULL;
        -:  228:    settings.ssl_key = NULL;
        -:  229:    settings.ssl_verify_mode = SSL_VERIFY_NONE;
        -:  230:    settings.ssl_keyformat = SSL_FILETYPE_PEM;
        -:  231:    settings.ssl_ciphers = NULL;
        -:  232:    settings.ssl_ca_cert = NULL;
        -:  233:    settings.ssl_last_cert_refresh_time = current_time;
        -:  234:    settings.ssl_wbuf_size = 16 * 1024; // default is 16KB (SSL max frame size is 17KB)
        -:  235:    settings.ssl_session_cache = false;
        -:  236:    settings.ssl_kernel_tls = false;
        -:  237:    settings.ssl_min_version = TLS1_2_VERSION;
        -:  238:#endif
        -:  239:    /* By default this string should be NULL for getaddrinfo() */
      441:  240:    settings.inter = NULL;
      441:  241:    settings.maxbytes = 64 * 1024 * 1024; /* default is 64MB */
      441:  242:    settings.maxconns = 1024;         /* to limit connections-related memory to about 5MB */
      441:  243:    settings.verbose = 0;
      441:  244:    settings.oldest_live = 0;
      441:  245:    settings.evict_to_free = 1;       /* push old items out of cache when memory runs out */
      441:  246:    settings.socketpath = NULL;       /* by default, not using a unix socket */
      441:  247:    settings.auth_file = NULL;        /* by default, not using ASCII authentication tokens */
      441:  248:    settings.factor = 1.25;
      441:  249:    settings.chunk_size = 48;         /* space for a modest key and value */
      441:  250:    settings.num_threads = 4;         /* N workers */
      441:  251:    settings.num_threads_per_udp = 0;
      441:  252:    settings.prefix_delimiter = ':';
      441:  253:    settings.detail_enabled = 0;
      441:  254:    settings.reqs_per_event = 20;
      441:  255:    settings.backlog = 1024;
      441:  256:    settings.binding_protocol = negotiating_prot;
      441:  257:    settings.item_size_max = 1024 * 1024; /* The famous 1MB upper limit. */
      441:  258:    settings.slab_page_size = 1024 * 1024; /* chunks are split from 1MB pages. */
      441:  259:    settings.slab_chunk_size_max = settings.slab_page_size / 2;
      441:  260:    settings.sasl = false;
      441:  261:    settings.maxconns_fast = true;
      441:  262:    settings.lru_crawler = false;
      441:  263:    settings.lru_crawler_sleep = 100;
      441:  264:    settings.lru_crawler_tocrawl = 0;
      441:  265:    settings.lru_maintainer_thread = false;
      441:  266:    settings.lru_segmented = true;
      441:  267:    settings.hot_lru_pct = 20;
      441:  268:    settings.warm_lru_pct = 40;
      441:  269:    settings.hot_max_factor = 0.2;
      441:  270:    settings.warm_max_factor = 2.0;
      441:  271:    settings.temp_lru = false;
      441:  272:    settings.temporary_ttl = 61;
      441:  273:    settings.idle_timeout = 0; /* disabled */
      441:  274:    settings.hashpower_init = 0;
      441:  275:    settings.slab_reassign = true;
      441:  276:    settings.slab_automove = 1;
      441:  277:    settings.slab_automove_ratio = 0.8;
      441:  278:    settings.slab_automove_window = 30;
      441:  279:    settings.shutdown_command = false;
      441:  280:    settings.tail_repair_time = TAIL_REPAIR_TIME_DEFAULT;
      441:  281:    settings.flush_enabled = true;
      441:  282:    settings.dump_enabled = true;
      441:  283:    settings.crawls_persleep = 1000;
      441:  284:    settings.logger_watcher_buf_size = LOGGER_WATCHER_BUF_SIZE;
      441:  285:    settings.logger_buf_size = LOGGER_BUF_SIZE;
      441:  286:    settings.drop_privileges = false;
      441:  287:    settings.watch_enabled = true;
      441:  288:    settings.read_buf_mem_limit = 0;
        -:  289:#ifdef MEMCACHED_DEBUG
      441:  290:    settings.relaxed_privileges = false;
        -:  291:#endif
      441:  292:    settings.num_napi_ids = 0;
      441:  293:    settings.memory_file = NULL;
        -:  294:#ifdef SOCK_COOKIE_ID
      441:  295:    settings.sock_cookie_id = 0;
        -:  296:#endif
      441:  297:}
        -:  298:
        -:  299:extern pthread_mutex_t conn_lock;
        -:  300:
        -:  301:/* Connection timeout thread bits */
        -:  302:static pthread_t conn_timeout_tid;
        -:  303:static int do_run_conn_timeout_thread;
        -:  304:static pthread_cond_t conn_timeout_cond = PTHREAD_COND_INITIALIZER;
        -:  305:static pthread_mutex_t conn_timeout_lock = PTHREAD_MUTEX_INITIALIZER;
        -:  306:
        -:  307:#define CONNS_PER_SLICE 100
        1:  308:static void *conn_timeout_thread(void *arg) {
        1:  309:    int i;
        1:  310:    conn *c;
        1:  311:    rel_time_t oldest_last_cmd;
        1:  312:    int sleep_time;
        1:  313:    int sleep_slice = max_fds / CONNS_PER_SLICE;
        1:  314:    if (sleep_slice == 0)
    #####:  315:        sleep_slice = CONNS_PER_SLICE;
        -:  316:
        1:  317:    useconds_t timeslice = 1000000 / sleep_slice;
        -:  318:
        1:  319:    mutex_lock(&conn_timeout_lock);
        4:  320:    while(do_run_conn_timeout_thread) {
        4:  321:        if (settings.verbose > 2)
    #####:  322:            fprintf(stderr, "idle timeout thread at top of connection list\n");
        -:  323:
        4:  324:        oldest_last_cmd = current_time;
        -:  325:
     4100:  326:        for (i = 0; i < max_fds; i++) {
     4096:  327:            if ((i % CONNS_PER_SLICE) == 0) {
       44:  328:                if (settings.verbose > 2)
    #####:  329:                    fprintf(stderr, "idle timeout thread sleeping for %ulus\n",
        -:  330:                        (unsigned int)timeslice);
       44:  331:                usleep(timeslice);
        -:  332:            }
        -:  333:
     4096:  334:            if (!conns[i])
     4073:  335:                continue;
        -:  336:
       23:  337:            c = conns[i];
        -:  338:
       23:  339:            if (!IS_TCP(c->transport))
       16:  340:                continue;
        -:  341:
        7:  342:            if (c->state != conn_new_cmd && c->state != conn_read)
        6:  343:                continue;
        -:  344:
        1:  345:            if ((current_time - c->last_cmd_time) > settings.idle_timeout) {
        1:  346:                timeout_conn(c);
        -:  347:            } else {
    #####:  348:                if (c->last_cmd_time < oldest_last_cmd)
     4096:  349:                    oldest_last_cmd = c->last_cmd_time;
        -:  350:            }
        -:  351:        }
        -:  352:
        -:  353:        /* This is the soonest we could have another connection time out */
        4:  354:        sleep_time = settings.idle_timeout - (current_time - oldest_last_cmd) + 1;
        4:  355:        if (sleep_time <= 0)
        -:  356:            sleep_time = 1;
        -:  357:
        4:  358:        if (settings.verbose > 2)
    #####:  359:            fprintf(stderr,
        -:  360:                    "idle timeout thread finished pass, sleeping for %ds\n",
        -:  361:                    sleep_time);
        -:  362:
        4:  363:        struct timeval now;
        4:  364:        struct timespec to_sleep;
        4:  365:        gettimeofday(&now, NULL);
        4:  366:        to_sleep.tv_sec = now.tv_sec + sleep_time;
        4:  367:        to_sleep.tv_nsec = 0;
        -:  368:
        4:  369:        pthread_cond_timedwait(&conn_timeout_cond, &conn_timeout_lock, &to_sleep);
        -:  370:    }
        -:  371:
    #####:  372:    mutex_unlock(&conn_timeout_lock);
    #####:  373:    return NULL;
        -:  374:}
        -:  375:
        1:  376:static int start_conn_timeout_thread(void) {
        1:  377:    int ret;
        -:  378:
        1:  379:    if (settings.idle_timeout == 0)
        -:  380:        return -1;
        -:  381:
        1:  382:    do_run_conn_timeout_thread = 1;
        1:  383:    if ((ret = pthread_create(&conn_timeout_tid, NULL,
        -:  384:        conn_timeout_thread, NULL)) != 0) {
    #####:  385:        fprintf(stderr, "Can't create idle connection timeout thread: %s\n",
        -:  386:            strerror(ret));
    #####:  387:        return -1;
        -:  388:    }
        1:  389:    thread_setname(conn_timeout_tid, "mc-idletimeout");
        -:  390:
        1:  391:    return 0;
        -:  392:}
        -:  393:
        2:  394:int stop_conn_timeout_thread(void) {
        2:  395:    if (!do_run_conn_timeout_thread)
        -:  396:        return -1;
    #####:  397:    mutex_lock(&conn_timeout_lock);
    #####:  398:    do_run_conn_timeout_thread = 0;
    #####:  399:    pthread_cond_signal(&conn_timeout_cond);
    #####:  400:    mutex_unlock(&conn_timeout_lock);
    #####:  401:    pthread_join(conn_timeout_tid, NULL);
    #####:  402:    return 0;
        -:  403:}
        -:  404:
        -:  405:/*
        -:  406: * read buffer cache helper functions
        -:  407: */
   493209:  408:static void rbuf_release(conn *c) {
   493209:  409:    if (c->rbuf != NULL && c->rbytes == 0 && !IS_UDP(c->transport)) {
   487291:  410:        if (c->rbuf_malloced) {
        3:  411:            free(c->rbuf);
        3:  412:            c->rbuf_malloced = false;
        -:  413:        } else {
   487288:  414:            do_cache_free(c->thread->rbuf_cache, c->rbuf);
        -:  415:        }
   487291:  416:        c->rsize = 0;
   487291:  417:        c->rbuf = NULL;
   487291:  418:        c->rcurr = NULL;
        -:  419:    }
   493209:  420:}
        -:  421:
   491019:  422:static bool rbuf_alloc(conn *c) {
   491019:  423:    if (c->rbuf == NULL) {
   487291:  424:        c->rbuf = do_cache_alloc(c->thread->rbuf_cache);
   487291:  425:        if (!c->rbuf) {
    #####:  426:            THR_STATS_LOCK(c->thread);
    #####:  427:            c->thread->stats.read_buf_oom++;
    #####:  428:            THR_STATS_UNLOCK(c->thread);
    #####:  429:            return false;
        -:  430:        }
   487291:  431:        c->rsize = READ_BUFFER_SIZE;
   487291:  432:        c->rcurr = c->rbuf;
        -:  433:    }
        -:  434:    return true;
        -:  435:}
        -:  436:
        -:  437:// Just for handling huge ASCII multigets.
        -:  438:// The previous system was essentially the same; realloc'ing until big enough,
        -:  439:// then realloc'ing back down after the request finished.
        3:  440:bool rbuf_switch_to_malloc(conn *c) {
        -:  441:    // Might as well start with x2 and work from there.
        3:  442:    size_t size = c->rsize * 2;
        3:  443:    char *tmp = malloc(size);
        3:  444:    if (!tmp)
        -:  445:        return false;
        -:  446:
        3:  447:    memcpy(tmp, c->rcurr, c->rbytes);
        3:  448:    do_cache_free(c->thread->rbuf_cache, c->rbuf);
        -:  449:
        3:  450:    c->rcurr = c->rbuf = tmp;
        3:  451:    c->rsize = size;
        3:  452:    c->rbuf_malloced = true;
        3:  453:    return true;
        -:  454:}
        -:  455:
        -:  456:/*
        -:  457: * Initializes the connections array. We don't actually allocate connection
        -:  458: * structures until they're needed, so as to avoid wasting memory when the
        -:  459: * maximum connection count is much higher than the actual number of
        -:  460: * connections.
        -:  461: *
        -:  462: * This does end up wasting a few pointers' worth of memory for FDs that are
        -:  463: * used for things other than connections, but that's worth it in exchange for
        -:  464: * being able to directly index the conns array by FD.
        -:  465: */
      121:  466:static void conn_init(void) {
        -:  467:    /* We're unlikely to see an FD much higher than maxconns. */
      121:  468:    int next_fd = dup(1);
      121:  469:    if (next_fd < 0) {
    #####:  470:        perror("Failed to duplicate file descriptor\n");
    #####:  471:        exit(1);
        -:  472:    }
      121:  473:    int headroom = 10;      /* account for extra unexpected open FDs */
      121:  474:    struct rlimit rl;
        -:  475:
      121:  476:    max_fds = settings.maxconns + headroom + next_fd;
        -:  477:
        -:  478:    /* But if possible, get the actual highest FD we can possibly ever see. */
      121:  479:    if (getrlimit(RLIMIT_NOFILE, &rl) == 0) {
      121:  480:        max_fds = rl.rlim_max;
        -:  481:    } else {
    #####:  482:        fprintf(stderr, "Failed to query maximum file descriptor; "
        -:  483:                        "falling back to maxconns\n");
        -:  484:    }
        -:  485:
      121:  486:    close(next_fd);
        -:  487:
      121:  488:    if ((conns = calloc(max_fds, sizeof(conn *))) == NULL) {
    #####:  489:        fprintf(stderr, "Failed to allocate connection structures\n");
        -:  490:        /* This is unrecoverable so bail out early. */
    #####:  491:        exit(1);
        -:  492:    }
      121:  493:}
        -:  494:
     336*:  495:static const char *prot_text(enum protocol prot) {
     336*:  496:    char *rv = "unknown";
     336*:  497:    switch(prot) {
       2*:  498:        case ascii_prot:
       2*:  499:            rv = "ascii";
       2*:  500:            break;
       1*:  501:        case binary_prot:
       1*:  502:            rv = "binary";
       1*:  503:            break;
     333*:  504:        case negotiating_prot:
     333*:  505:            rv = "auto-negotiate";
     333*:  506:            break;
        -:  507:#ifdef PROXY
        -:  508:        case proxy_prot:
        -:  509:            rv = "proxy";
        -:  510:            break;
        -:  511:#endif
        -:  512:    }
     336*:  513:    return rv;
        -:  514:}
        -:  515:
        1:  516:void conn_close_idle(conn *c) {
        1:  517:    if (settings.idle_timeout > 0 &&
        1:  518:        (current_time - c->last_cmd_time) > settings.idle_timeout) {
        1:  519:        if (c->state != conn_new_cmd && c->state != conn_read) {
    #####:  520:            if (settings.verbose > 1)
    #####:  521:                fprintf(stderr,
        -:  522:                    "fd %d wants to timeout, but isn't in read state", c->sfd);
    #####:  523:            return;
        -:  524:        }
        -:  525:
        1:  526:        if (settings.verbose > 1)
    #####:  527:            fprintf(stderr, "Closing idle fd %d\n", c->sfd);
        -:  528:
        1:  529:        pthread_mutex_lock(&c->thread->stats.mutex);
        1:  530:        c->thread->stats.idle_kicks++;
        1:  531:        pthread_mutex_unlock(&c->thread->stats.mutex);
        -:  532:
        1:  533:        c->close_reason = IDLE_TIMEOUT_CLOSE;
        -:  534:
        1:  535:        conn_set_state(c, conn_closing);
        1:  536:        drive_machine(c);
        -:  537:    }
        -:  538:}
        -:  539:
       13:  540:static void _conn_event_readd(conn *c) {
       13:  541:    c->ev_flags = EV_READ | EV_PERSIST;
       13:  542:    event_set(&c->event, c->sfd, c->ev_flags, event_handler, (void *)c);
       13:  543:    event_base_set(c->thread->base, &c->event);
        -:  544:
        -:  545:    // TODO: call conn_cleanup/fail/etc
       13:  546:    if (event_add(&c->event, 0) == -1) {
    #####:  547:        perror("event_add");
        -:  548:    }
       13:  549:}
        -:  550:
        -:  551:/* bring conn back from a sidethread. could have had its event base moved. */
     1606:  552:void conn_worker_readd(conn *c) {
     1606:  553:    if (c->io_queues_submitted) { // TODO: ensure this is safe?
     1593:  554:        c->io_queues_submitted--;
        -:  555:        // If we're still waiting for other queues to return, don't re-add the
        -:  556:        // connection yet.
     1593:  557:        if (c->io_queues_submitted != 0) {
        -:  558:            return;
        -:  559:        }
        -:  560:    }
        -:  561:
     1606:  562:    switch (c->state) {
       11:  563:        case conn_closing:
        -:  564:            // might be fixable: only need to do this because we can't do
        -:  565:            // event_del() without the event being armed.
       11:  566:            _conn_event_readd(c);
       11:  567:            drive_machine(c);
       11:  568:            break;
    #####:  569:        case conn_io_pending:
        -:  570:            // The event listener was removed as more data showed up while
        -:  571:            // waiting for the async response.
    #####:  572:            _conn_event_readd(c);
        -:  573:            // Explicit fall-through.
     1593:  574:        case conn_io_queue:
     1593:  575:            conn_set_state(c, conn_io_resume);
        -:  576:            // machine will know how to return based on secondary state.
     1593:  577:            drive_machine(c);
     1593:  578:            break;
        2:  579:        default:
        2:  580:            _conn_event_readd(c);
        2:  581:            conn_set_state(c, conn_new_cmd);
        -:  582:    }
        -:  583:
        -:  584:}
        -:  585:
      556:  586:void thread_io_queue_add(LIBEVENT_THREAD *t, int type, void *ctx, io_queue_stack_cb cb) {
      556:  587:    io_queue_cb_t *q = t->io_queues;
      604:  588:    while (q->type != IO_QUEUE_NONE) {
       48:  589:        q++;
        -:  590:    }
      556:  591:    q->type = type;
      556:  592:    q->ctx = ctx;
      556:  593:    q->submit_cb = cb;
      556:  594:    return;
        -:  595:}
        -:  596:
     2206:  597:void conn_io_queue_setup(conn *c) {
     2206:  598:    io_queue_cb_t *qcb = c->thread->io_queues;
     2206:  599:    io_queue_t *q = c->io_queues;
     3213:  600:    while (qcb->type != IO_QUEUE_NONE) {
     1007:  601:        q->type = qcb->type;
     1007:  602:        q->ctx = qcb->ctx;
     1007:  603:        q->stack_ctx = NULL;
     1007:  604:        q->count = 0;
     1007:  605:        qcb++;
     1007:  606:        q++;
        -:  607:    }
     2206:  608:}
        -:  609:
        -:  610:// To be called from conn_release_items to ensure the stack ptrs are reset.
       28:  611:static void conn_io_queue_reset(conn *c) {
       30:  612:    for (io_queue_t *q = c->io_queues; q->type != IO_QUEUE_NONE; q++) {
       2*:  613:        assert(q->count == 0);
        2:  614:        q->stack_ctx = NULL;
        -:  615:    }
       28:  616:}
        -:  617:
    1593*:  618:io_queue_cb_t *thread_io_queue_get(LIBEVENT_THREAD *t, int type) {
    1593*:  619:    io_queue_cb_t *q = t->io_queues;
    1593*:  620:    while (q->type != IO_QUEUE_NONE) {
    1593*:  621:        if (q->type == type) {
    #####:  622:            return q;
        -:  623:        }
    #####:  624:        q++;
        -:  625:    }
        -:  626:    return NULL;
        -:  627:}
        -:  628:
     3197:  629:io_queue_t *conn_io_queue_get(conn *c, int type) {
     3197:  630:    io_queue_t *q = c->io_queues;
     3197:  631:    while (q->type != IO_QUEUE_NONE) {
     3197:  632:        if (q->type == type) {
     3197:  633:            return q;
        -:  634:        }
    #####:  635:        q++;
        -:  636:    }
        -:  637:    return NULL;
        -:  638:}
        -:  639:
        -:  640:// called to return a single IO object to the original worker thread.
     1595:  641:void conn_io_queue_return(io_pending_t *io) {
     1595:  642:    io->return_cb(io);
     1595:  643:}
        -:  644:
     2337:  645:conn *conn_new(const int sfd, enum conn_states init_state,
        -:  646:                const int event_flags,
        -:  647:                const int read_buffer_size, enum network_transport transport,
        -:  648:                struct event_base *base, void *ssl, uint64_t conntag,
        -:  649:                enum protocol bproto) {
     2337:  650:    conn *c;
        -:  651:
    2337*:  652:    assert(sfd >= 0 && sfd < max_fds);
     2337:  653:    c = conns[sfd];
        -:  654:
     2337:  655:    if (NULL == c) {
     2324:  656:        if (!(c = (conn *)calloc(1, sizeof(conn)))) {
    #####:  657:            STATS_LOCK();
    #####:  658:            stats.malloc_fails++;
    #####:  659:            STATS_UNLOCK();
    #####:  660:            fprintf(stderr, "Failed to allocate connection object\n");
    #####:  661:            return NULL;
        -:  662:        }
     2324:  663:        MEMCACHED_CONN_CREATE(c);
     2324:  664:        c->read = NULL;
     2324:  665:        c->sendmsg = NULL;
     2324:  666:        c->write = NULL;
     2324:  667:        c->rbuf = NULL;
        -:  668:
     2324:  669:        c->rsize = read_buffer_size;
        -:  670:
        -:  671:        // UDP connections use a persistent static buffer.
     2324:  672:        if (c->rsize) {
      203:  673:            c->rbuf = (char *)malloc((size_t)c->rsize);
        -:  674:        }
        -:  675:
     2324:  676:        if (c->rsize && c->rbuf == NULL) {
    #####:  677:            conn_free(c);
    #####:  678:            STATS_LOCK();
    #####:  679:            stats.malloc_fails++;
    #####:  680:            STATS_UNLOCK();
    #####:  681:            fprintf(stderr, "Failed to allocate buffers for connection\n");
    #####:  682:            return NULL;
        -:  683:        }
        -:  684:
        -:  685:
     2324:  686:        STATS_LOCK();
     2324:  687:        stats_state.conn_structs++;
     2324:  688:        STATS_UNLOCK();
        -:  689:
     2324:  690:        c->sfd = sfd;
     2324:  691:        conns[sfd] = c;
        -:  692:    }
        -:  693:
     2337:  694:    c->transport = transport;
     2337:  695:    c->protocol = bproto;
     2337:  696:    c->tag = conntag;
        -:  697:
        -:  698:    /* unix socket mode doesn't need this, so zeroed out.  but why
        -:  699:     * is this done for every command?  presumably for UDP
        -:  700:     * mode.  */
     2337:  701:    if (!settings.socketpath) {
      124:  702:        c->request_addr_size = sizeof(c->request_addr);
        -:  703:    } else {
     2213:  704:        c->request_addr_size = 0;
        -:  705:    }
        -:  706:
     2337:  707:    if (transport == tcp_transport && init_state == conn_new_cmd) {
       20:  708:        if (getpeername(sfd, (struct sockaddr *) &c->request_addr,
        -:  709:                        &c->request_addr_size)) {
    #####:  710:            perror("getpeername");
    #####:  711:            memset(&c->request_addr, 0, sizeof(c->request_addr));
        -:  712:        }
        -:  713:    }
        -:  714:
     2337:  715:    if (init_state == conn_new_cmd) {
     2134:  716:        LOGGER_LOG(NULL, LOG_CONNEVENTS, LOGGER_CONNECTION_NEW, NULL,
        -:  717:                &c->request_addr, c->request_addr_size, c->transport, 0, sfd);
        -:  718:    }
        -:  719:
     2337:  720:    if (settings.verbose > 1) {
        6:  721:        if (init_state == conn_listening) {
        6:  722:            fprintf(stderr, "<%d server listening (%s)\n", sfd,
        -:  723:                prot_text(c->protocol));
        3:  724:        } else if (IS_UDP(transport)) {
    #####:  725:            fprintf(stderr, "<%d server listening (udp)\n", sfd);
        3:  726:        } else if (c->protocol == negotiating_prot) {
        1:  727:            fprintf(stderr, "<%d new auto-negotiating client connection\n",
        -:  728:                    sfd);
        2:  729:        } else if (c->protocol == ascii_prot) {
        1:  730:            fprintf(stderr, "<%d new ascii client connection.\n", sfd);
        1:  731:        } else if (c->protocol == binary_prot) {
        1:  732:            fprintf(stderr, "<%d new binary client connection.\n", sfd);
        -:  733:#ifdef PROXY
        -:  734:        } else if (c->protocol == proxy_prot) {
        -:  735:            fprintf(stderr, "<%d new proxy client connection.\n", sfd);
        -:  736:#endif
        -:  737:        } else {
    #####:  738:            fprintf(stderr, "<%d new unknown (%d) client connection\n",
        -:  739:                sfd, c->protocol);
    #####:  740:            assert(false);
        -:  741:        }
        -:  742:    }
        -:  743:
        -:  744:#ifdef TLS
        -:  745:    c->ssl = NULL;
        -:  746:    c->ssl_wbuf = NULL;
        -:  747:    c->ssl_enabled = false;
        -:  748:#endif
     2337:  749:    c->state = init_state;
     2337:  750:    c->rlbytes = 0;
     2337:  751:    c->cmd = -1;
     2337:  752:    c->rbytes = 0;
     2337:  753:    c->rcurr = c->rbuf;
     2337:  754:    c->ritem = 0;
     2337:  755:    c->rbuf_malloced = false;
     2337:  756:    c->item_malloced = false;
     2337:  757:    c->sasl_started = false;
     2337:  758:    c->set_stale = false;
     2337:  759:    c->mset_res = false;
     2337:  760:    c->close_after_write = false;
     2337:  761:    c->last_cmd_time = current_time; /* initialize for idle kicker */
        -:  762:    // wipe all queues.
     2337:  763:    memset(c->io_queues, 0, sizeof(c->io_queues));
     2337:  764:    c->io_queues_submitted = 0;
        -:  765:
     2337:  766:    c->item = 0;
        -:  767:
     2337:  768:    c->noreply = false;
        -:  769:
        -:  770:#ifdef TLS
        -:  771:    if (ssl) {
        -:  772:        c->ssl = (SSL*)ssl;
        -:  773:        c->read = ssl_read;
        -:  774:        c->sendmsg = ssl_sendmsg;
        -:  775:        c->write = ssl_write;
        -:  776:        c->ssl_enabled = true;
        -:  777:        SSL_set_info_callback(c->ssl, ssl_callback);
        -:  778:    } else
        -:  779:#else
        -:  780:    // This must be NULL if TLS is not enabled.
    2337*:  781:    assert(ssl == NULL);
        -:  782:#endif
        -:  783:    {
     2337:  784:        c->read = tcp_read;
     2337:  785:        c->sendmsg = tcp_sendmsg;
     2337:  786:        c->write = tcp_write;
        -:  787:    }
        -:  788:
     2337:  789:    if (IS_UDP(transport)) {
       72:  790:        c->try_read_command = try_read_command_udp;
        -:  791:    } else {
     2265:  792:        switch (c->protocol) {
        7:  793:            case ascii_prot:
        7:  794:                if (settings.auth_file == NULL) {
        4:  795:                    c->authenticated = true;
        4:  796:                    c->try_read_command = try_read_command_ascii;
        -:  797:                } else {
        3:  798:                    c->authenticated = false;
        3:  799:                    c->try_read_command = try_read_command_asciiauth;
        -:  800:                }
        -:  801:                break;
        6:  802:            case binary_prot:
        -:  803:                // binprot handles its own authentication via SASL parsing.
        6:  804:                c->authenticated = false;
        6:  805:                c->try_read_command = try_read_command_binary;
        6:  806:                break;
     2252:  807:            case negotiating_prot:
     2252:  808:                c->try_read_command = try_read_command_negotiate;
     2252:  809:                break;
        -:  810:#ifdef PROXY
        -:  811:            case proxy_prot:
        -:  812:                c->try_read_command = try_read_command_proxy;
        -:  813:                break;
        -:  814:#endif
        -:  815:        }
        -:  816:    }
        -:  817:
     2337:  818:    event_set(&c->event, sfd, event_flags, event_handler, (void *)c);
     2337:  819:    event_base_set(base, &c->event);
     2337:  820:    c->ev_flags = event_flags;
        -:  821:
     2337:  822:    if (event_add(&c->event, 0) == -1) {
    #####:  823:        perror("event_add");
    #####:  824:        return NULL;
        -:  825:    }
        -:  826:
     2337:  827:    STATS_LOCK();
     2337:  828:    stats_state.curr_conns++;
     2337:  829:    stats.total_conns++;
     2337:  830:    STATS_UNLOCK();
        -:  831:
     2337:  832:    MEMCACHED_CONN_ALLOCATE(c->sfd);
        -:  833:
     2337:  834:    return c;
        -:  835:}
        -:  836:
   499276:  837:void conn_release_items(conn *c) {
  499276*:  838:    assert(c != NULL);
        -:  839:
   499276:  840:    if (c->item) {
        2:  841:        if (c->item_malloced) {
    #####:  842:            free(c->item);
    #####:  843:            c->item_malloced = false;
        -:  844:        } else {
        2:  845:            item_remove(c->item);
        -:  846:        }
        2:  847:        c->item = 0;
        -:  848:    }
        -:  849:
        -:  850:    // Cull any unsent responses.
   499276:  851:    if (c->resp_head) {
        -:  852:        mc_resp *resp = c->resp_head;
        -:  853:        // r_f() handles the chain maintenance.
      122:  854:        while (resp) {
        -:  855:            // temporary by default. hide behind a debug flag in the future:
        -:  856:            // double free detection. Transmit loops can drop out early, but
        -:  857:            // here we could infinite loop.
       94:  858:            if (resp->free) {
    #####:  859:                fprintf(stderr, "ERROR: double free detected during conn_release_items(): [%d] [%s]\n",
    #####:  860:                        c->sfd, c->protocol == binary_prot ? "binary" : "ascii");
        -:  861:                // Since this is a critical failure, just leak the memory.
        -:  862:                // If these errors are seen, an abort() can be used instead.
    #####:  863:                c->resp_head = NULL;
    #####:  864:                c->resp = NULL;
    #####:  865:                break;
        -:  866:            }
       94:  867:            resp = resp_finish(c, resp);
        -:  868:        }
       28:  869:        conn_io_queue_reset(c);
        -:  870:    }
   499276:  871:}
        -:  872:
     2135:  873:static void conn_cleanup(conn *c) {
    2135*:  874:    assert(c != NULL);
        -:  875:
     2135:  876:    conn_release_items(c);
        -:  877:#ifdef PROXY
        -:  878:    if (c->proxy_rctx) {
        -:  879:        proxy_cleanup_conn(c);
        -:  880:    }
        -:  881:#endif
     2135:  882:    if (c->sasl_conn) {
    #####:  883:        assert(settings.sasl);
    #####:  884:        sasl_dispose(&c->sasl_conn);
    #####:  885:        c->sasl_conn = NULL;
        -:  886:    }
        -:  887:
     2135:  888:    if (IS_UDP(c->transport)) {
    #####:  889:        conn_set_state(c, conn_read);
        -:  890:    }
     2135:  891:}
        -:  892:
        -:  893:/*
        -:  894: * Frees a connection.
        -:  895: */
    #####:  896:void conn_free(conn *c) {
    #####:  897:    if (c) {
    #####:  898:        assert(c != NULL);
    #####:  899:        assert(c->sfd >= 0 && c->sfd < max_fds);
        -:  900:
    #####:  901:        MEMCACHED_CONN_DESTROY(c);
    #####:  902:        conns[c->sfd] = NULL;
    #####:  903:        if (c->rbuf)
    #####:  904:            free(c->rbuf);
        -:  905:#ifdef TLS
        -:  906:        if (c->ssl_wbuf)
        -:  907:            c->ssl_wbuf = NULL;
        -:  908:#endif
        -:  909:
    #####:  910:        free(c);
        -:  911:    }
    #####:  912:}
        -:  913:
     2135:  914:static void conn_close(conn *c) {
    2135*:  915:    assert(c != NULL);
        -:  916:
     2135:  917:    if (c->thread) {
    2133*:  918:        LOGGER_LOG(c->thread->l, LOG_CONNEVENTS, LOGGER_CONNECTION_CLOSE, NULL,
        -:  919:                &c->request_addr, c->request_addr_size, c->transport,
        -:  920:                c->close_reason, c->sfd);
        -:  921:    }
        -:  922:
        -:  923:    /* delete the event, the socket and the conn */
     2135:  924:    event_del(&c->event);
        -:  925:
     2135:  926:    if (settings.verbose > 1)
        3:  927:        fprintf(stderr, "<%d connection closed.\n", c->sfd);
        -:  928:
     2135:  929:    conn_cleanup(c);
        -:  930:
        -:  931:    // force release of read buffer.
     2135:  932:    if (c->thread) {
     2133:  933:        c->rbytes = 0;
     2133:  934:        rbuf_release(c);
        -:  935:    }
        -:  936:
     2135:  937:    MEMCACHED_CONN_RELEASE(c->sfd);
     2135:  938:    conn_set_state(c, conn_closed);
        -:  939:#ifdef TLS
        -:  940:    if (c->ssl) {
        -:  941:        SSL_shutdown(c->ssl);
        -:  942:        SSL_free(c->ssl);
        -:  943:    }
        -:  944:#endif
     2135:  945:    close(c->sfd);
     2135:  946:    c->close_reason = 0;
     2135:  947:    pthread_mutex_lock(&conn_lock);
     2135:  948:    allow_new_conns = true;
     2135:  949:    pthread_mutex_unlock(&conn_lock);
        -:  950:
     2135:  951:    STATS_LOCK();
     2135:  952:    stats_state.curr_conns--;
     2135:  953:    STATS_UNLOCK();
        -:  954:
     2135:  955:    return;
        -:  956:}
        -:  957:
        -:  958:// Since some connections might be off on side threads and some are managed as
        -:  959:// listeners we need to walk through them all from a central point.
        -:  960:// Must be called with all worker threads hung or in the process of closing.
        2:  961:void conn_close_all(void) {
        2:  962:    int i;
     2050:  963:    for (i = 0; i < max_fds; i++) {
     2048:  964:        if (conns[i] && conns[i]->state != conn_closed) {
        3:  965:            conn_close(conns[i]);
        -:  966:        }
        -:  967:    }
        2:  968:}
        -:  969:
        -:  970:/**
        -:  971: * Convert a state name to a human readable form.
        -:  972: */
       16:  973:static const char *state_text(enum conn_states state) {
       16:  974:    const char* const statenames[] = { "conn_listening",
        -:  975:                                       "conn_new_cmd",
        -:  976:                                       "conn_waiting",
        -:  977:                                       "conn_read",
        -:  978:                                       "conn_parse_cmd",
        -:  979:                                       "conn_write",
        -:  980:                                       "conn_nread",
        -:  981:                                       "conn_swallow",
        -:  982:                                       "conn_closing",
        -:  983:                                       "conn_mwrite",
        -:  984:                                       "conn_closed",
        -:  985:                                       "conn_watch",
        -:  986:                                       "conn_io_queue",
        -:  987:                                       "conn_io_resume",
        -:  988:                                       "conn_io_pending" };
       16:  989:    return statenames[state];
        -:  990:}
        -:  991:
        -:  992:/*
        -:  993: * Sets a connection's current state in the state machine. Any special
        -:  994: * processing that needs to happen on certain state transitions can
        -:  995: * happen here.
        -:  996: */
  3499267:  997:void conn_set_state(conn *c, enum conn_states state) {
 3499267*:  998:    assert(c != NULL);
 3499267*:  999:    assert(state >= conn_listening && state < conn_max_state);
        -: 1000:
  3499267: 1001:    if (state != c->state) {
  3499266: 1002:        if (settings.verbose > 2) {
    #####: 1003:            fprintf(stderr, "%d: going from %s to %s\n",
        -: 1004:                    c->sfd, state_text(c->state),
        -: 1005:                    state_text(state));
        -: 1006:        }
        -: 1007:
  3499266: 1008:        if (state == conn_write || state == conn_mwrite) {
  3499266: 1009:            MEMCACHED_PROCESS_COMMAND_END(c->sfd, c->resp->wbuf, c->resp->wbytes);
        -: 1010:        }
  3499266: 1011:        c->state = state;
        -: 1012:    }
  3499267: 1013:}
        -: 1014:
        -: 1015:/*
        -: 1016: * response object helper functions
        -: 1017: */
   492611: 1018:void resp_reset(mc_resp *resp) {
   492611: 1019:    if (resp->item) {
    #####: 1020:        item_remove(resp->item);
    #####: 1021:        resp->item = NULL;
        -: 1022:    }
   492611: 1023:    if (resp->write_and_free) {
        -: 1024:#ifdef PROXY
        -: 1025:        if (resp->proxy_res) {
        -: 1026:            LIBEVENT_THREAD *t = resp->bundle->thread;
        -: 1027:            pthread_mutex_lock(&t->proxy_limit_lock);
        -: 1028:            t->proxy_buffer_memory_used -= resp->wbytes;
        -: 1029:            pthread_mutex_unlock(&t->proxy_limit_lock);
        -: 1030:        }
        -: 1031:#endif
    #####: 1032:        free(resp->write_and_free);
    #####: 1033:        resp->write_and_free = NULL;
        -: 1034:    }
   492611: 1035:    resp->wbytes = 0;
   492611: 1036:    resp->tosend = 0;
   492611: 1037:    resp->iovcnt = 0;
   492611: 1038:    resp->chunked_data_iov = 0;
   492611: 1039:    resp->chunked_total = 0;
   492611: 1040:    resp->skip = false;
   492611: 1041:}
        -: 1042:
   540463: 1043:void resp_add_iov(mc_resp *resp, const void *buf, int len) {
  540463*: 1044:    assert(resp->iovcnt < MC_RESP_IOVCOUNT);
   540463: 1045:    int x = resp->iovcnt;
   540463: 1046:    resp->iov[x].iov_base = (void *)buf;
   540463: 1047:    resp->iov[x].iov_len = len;
   540463: 1048:    resp->iovcnt++;
   540463: 1049:    resp->tosend += len;
   540463: 1050:}
        -: 1051:
        -: 1052:// Notes that an IOV should be handled as a chunked item header.
        -: 1053:// TODO: I'm hoping this isn't a permanent abstraction while I learn what the
        -: 1054:// API should be.
    18975: 1055:void resp_add_chunked_iov(mc_resp *resp, const void *buf, int len) {
    18975: 1056:    resp->chunked_data_iov = resp->iovcnt;
    18975: 1057:    resp->chunked_total = len;
    18975: 1058:    resp_add_iov(resp, buf, len);
    18975: 1059:}
        -: 1060:
        -: 1061:// resp_allocate and resp_free are a wrapper around read buffers which makes
        -: 1062:// read buffers the only network memory to track.
        -: 1063:// Normally this would be too excessive. In this case it allows end users to
        -: 1064:// track a single memory limit for ephemeral connection buffers.
        -: 1065:// Fancy bit twiddling tricks are avoided to help keep this straightforward.
   654000: 1066:static mc_resp* resp_allocate(conn *c) {
   654000: 1067:    LIBEVENT_THREAD *th = c->thread;
   654000: 1068:    mc_resp *resp = NULL;
   654000: 1069:    mc_resp_bundle *b = th->open_bundle;
        -: 1070:
   654000: 1071:    if (b != NULL) {
  647530*: 1072:        for (int i = 0; i < MAX_RESP_PER_BUNDLE; i++) {
        -: 1073:            // loop around starting from the most likely to be free
   647530: 1074:            int x = (i + b->next_check) % MAX_RESP_PER_BUNDLE;
   647530: 1075:            if (b->r[x].free) {
   647530: 1076:                resp = &b->r[x];
   647530: 1077:                b->next_check = x+1;
   647530: 1078:                break;
        -: 1079:            }
        -: 1080:        }
        -: 1081:
   647530: 1082:        if (resp != NULL) {
   647530: 1083:            b->refcount++;
   647530: 1084:            memset(resp, 0, sizeof(*resp));
   647530: 1085:            resp->free = false; // redundant, for clarity.
   647530: 1086:            resp->bundle = b;
   647530: 1087:            if (b->refcount == MAX_RESP_PER_BUNDLE) {
    6359*: 1088:                assert(b->prev == NULL);
        -: 1089:                // We only allocate off the head. Assign new head.
     6359: 1090:                th->open_bundle = b->next;
        -: 1091:                // Remove ourselves from the list.
     6359: 1092:                if (b->next) {
    #####: 1093:                    b->next->prev = 0;
    #####: 1094:                    b->next = 0;
        -: 1095:                }
        -: 1096:            }
        -: 1097:        }
        -: 1098:    }
        -: 1099:
        -: 1100:    if (resp == NULL) {
    6470*: 1101:        assert(th->open_bundle == NULL);
     6470: 1102:        b = do_cache_alloc(th->rbuf_cache);
     6470: 1103:        if (b) {
     6468: 1104:            THR_STATS_LOCK(th);
     6468: 1105:            th->stats.response_obj_bytes += READ_BUFFER_SIZE;
     6468: 1106:            THR_STATS_UNLOCK(th);
     6468: 1107:            b->next_check = 1;
     6468: 1108:            b->refcount = 1;
    90552: 1109:            for (int i = 0; i < MAX_RESP_PER_BUNDLE; i++) {
    84084: 1110:                b->r[i].free = true;
        -: 1111:            }
     6468: 1112:            b->next = 0;
     6468: 1113:            b->prev = 0;
     6468: 1114:            b->thread = th;
     6468: 1115:            th->open_bundle = b;
     6468: 1116:            resp = &b->r[0];
     6468: 1117:            memset(resp, 0, sizeof(*resp));
     6468: 1118:            resp->free = false; // redundant. for clarity.
     6468: 1119:            resp->bundle = b;
        -: 1120:        } else {
        -: 1121:            return NULL;
        -: 1122:        }
        -: 1123:    }
        -: 1124:
        -: 1125:    return resp;
        -: 1126:}
        -: 1127:
   653998: 1128:void resp_free(LIBEVENT_THREAD *th, mc_resp *resp) {
   653998: 1129:    mc_resp_bundle *b = resp->bundle;
        -: 1130:
   653998: 1131:    resp->free = true;
   653998: 1132:    b->refcount--;
   653998: 1133:    if (b->refcount == 0) {
   503502: 1134:        if (b == th->open_bundle && b->next == 0) {
        -: 1135:            // This is the final bundle. Just hold and reuse to skip init loop
  497163*: 1136:            assert(b->prev == 0);
   497163: 1137:            b->next_check = 0;
        -: 1138:        } else {
        -: 1139:            // Assert that we're either in the list or at the head.
    6339*: 1140:            assert((b->next || b->prev) || b == th->open_bundle);
        -: 1141:
        -: 1142:            // unlink from list.
     6339: 1143:            mc_resp_bundle **head = &th->open_bundle;
     6339: 1144:            if (*head == b) *head = b->next;
        -: 1145:            // Not tracking the tail.
    6339*: 1146:            assert(b->next != b && b->prev != b);
        -: 1147:
     6339: 1148:            if (b->next) b->next->prev = b->prev;
    6339*: 1149:            if (b->prev) b->prev->next = b->next;
        -: 1150:
        -: 1151:            // Now completely done with this buffer.
     6339: 1152:            do_cache_free(th->rbuf_cache, b);
     6339: 1153:            THR_STATS_LOCK(th);
     6339: 1154:            th->stats.response_obj_bytes -= READ_BUFFER_SIZE;
     6339: 1155:            THR_STATS_UNLOCK(th);
        -: 1156:        }
        -: 1157:    } else {
   150496: 1158:        mc_resp_bundle **head = &th->open_bundle;
        -: 1159:        // NOTE: since we're not tracking tail, latest free ends up in head.
   150496: 1160:        if (b == th->open_bundle || (b->prev || b->next)) {
        -: 1161:            // If we're already linked, leave it in place to save CPU.
        -: 1162:        } else {
        -: 1163:            // Non-zero refcount, need to link into the freelist.
     6359: 1164:            b->prev = 0;
     6359: 1165:            b->next = *head;
     6359: 1166:            if (b->next) b->next->prev = b;
     6359: 1167:            *head = b;
        -: 1168:        }
        -: 1169:
        -: 1170:    }
   653998: 1171:    THR_STATS_LOCK(th);
   653998: 1172:    th->stats.response_obj_count--;
   653998: 1173:    THR_STATS_UNLOCK(th);
   653998: 1174:}
        -: 1175:
   654000: 1176:bool resp_start(conn *c) {
   654000: 1177:    mc_resp *resp = resp_allocate(c);
   654000: 1178:    if (!resp) {
        2: 1179:        THR_STATS_LOCK(c->thread);
        2: 1180:        c->thread->stats.response_obj_oom++;
        2: 1181:        THR_STATS_UNLOCK(c->thread);
        2: 1182:        return false;
        -: 1183:    }
        -: 1184:
        -: 1185:    // handling the stats counters here to simplify testing
   653998: 1186:    THR_STATS_LOCK(c->thread);
   653998: 1187:    c->thread->stats.response_obj_count++;
   653998: 1188:    THR_STATS_UNLOCK(c->thread);
        -: 1189:
   653998: 1190:    if (!c->resp_head) {
   497165: 1191:        c->resp_head = resp;
        -: 1192:    }
   653998: 1193:    if (!c->resp) {
   497165: 1194:        c->resp = resp;
        -: 1195:    } else {
   156833: 1196:        c->resp->next = resp;
   156833: 1197:        c->resp = resp;
        -: 1198:    }
   653998: 1199:    if (IS_UDP(c->transport)) {
        -: 1200:        // need to hold on to some data for async responses.
       18: 1201:        c->resp->request_id = c->request_id;
       18: 1202:        c->resp->request_addr = c->request_addr;
       18: 1203:        c->resp->request_addr_size = c->request_addr_size;
        -: 1204:    }
        -: 1205:    return true;
        -: 1206:}
        -: 1207:
    #####: 1208:mc_resp *resp_start_unlinked(conn *c) {
    #####: 1209:    mc_resp *resp = resp_allocate(c);
    #####: 1210:    if (!resp) {
    #####: 1211:        THR_STATS_LOCK(c->thread);
    #####: 1212:        c->thread->stats.response_obj_oom++;
    #####: 1213:        THR_STATS_UNLOCK(c->thread);
    #####: 1214:        return false;
        -: 1215:    }
        -: 1216:
        -: 1217:    // handling the stats counters here to simplify testing
    #####: 1218:    THR_STATS_LOCK(c->thread);
    #####: 1219:    c->thread->stats.response_obj_count++;
    #####: 1220:    THR_STATS_UNLOCK(c->thread);
        -: 1221:
    #####: 1222:    if (IS_UDP(c->transport)) {
        -: 1223:        // need to hold on to some data for async responses.
    #####: 1224:        c->resp->request_id = c->request_id;
    #####: 1225:        c->resp->request_addr = c->request_addr;
    #####: 1226:        c->resp->request_addr_size = c->request_addr_size;
        -: 1227:    }
        -: 1228:
        -: 1229:    return resp;
        -: 1230:}
        -: 1231:
        -: 1232:// returns next response in chain.
   653998: 1233:mc_resp* resp_finish(conn *c, mc_resp *resp) {
   653998: 1234:    mc_resp *next = resp->next;
   653998: 1235:    if (resp->item) {
        -: 1236:        // TODO: cache hash value in resp obj?
    57599: 1237:        item_remove(resp->item);
    57599: 1238:        resp->item = NULL;
        -: 1239:    }
   653998: 1240:    if (resp->write_and_free) {
        -: 1241:#ifdef PROXY
        -: 1242:        if (resp->proxy_res) {
        -: 1243:            LIBEVENT_THREAD *t = resp->bundle->thread;
        -: 1244:            pthread_mutex_lock(&t->proxy_limit_lock);
        -: 1245:            t->proxy_buffer_memory_used -= resp->wbytes;
        -: 1246:            pthread_mutex_unlock(&t->proxy_limit_lock);
        -: 1247:        }
        -: 1248:#endif
     6015: 1249:        free(resp->write_and_free);
        -: 1250:    }
   653998: 1251:    if (resp->io_pending) {
     1598: 1252:        io_pending_t *io = resp->io_pending;
        -: 1253:        // If we had a pending IO, tell it to internally clean up then return
        -: 1254:        // the main object back to our thread cache.
     1598: 1255:        io->finalize_cb(io);
     1598: 1256:        do_cache_free(c->thread->io_cache, io);
     1598: 1257:        resp->io_pending = NULL;
        -: 1258:    }
   653998: 1259:    if (c->resp_head == resp) {
   653998: 1260:        c->resp_head = next;
        -: 1261:    }
   653998: 1262:    if (c->resp == resp) {
   497165: 1263:        c->resp = NULL;
        -: 1264:    }
   653998: 1265:    resp_free(c->thread, resp);
   653998: 1266:    return next;
        -: 1267:}
        -: 1268:
        -: 1269:// tells if connection has a depth of response objects to process.
       14: 1270:bool resp_has_stack(conn *c) {
       14: 1271:    return c->resp_head->next != NULL ? true : false;
        -: 1272:}
        -: 1273:
   475987: 1274:void out_string(conn *c, const char *str) {
   475987: 1275:    size_t len;
  475987*: 1276:    assert(c != NULL);
   475987: 1277:    mc_resp *resp = c->resp;
        -: 1278:
        -: 1279:    // if response was original filled with something, but we're now writing
        -: 1280:    // out an error or similar, have to reset the object first.
        -: 1281:    // TODO: since this is often redundant with allocation, how many callers
        -: 1282:    // are actually requiring it be reset? Can we fast test by just looking at
        -: 1283:    // tosend and reset if nonzero?
   475987: 1284:    resp_reset(resp);
        -: 1285:
   475987: 1286:    if (c->noreply) {
        -: 1287:        // TODO: just invalidate the response since nothing's been attempted
        -: 1288:        // to send yet?
   193654: 1289:        resp->skip = true;
   193654: 1290:        if (settings.verbose > 1)
    #####: 1291:            fprintf(stderr, ">%d NOREPLY %s\n", c->sfd, str);
   193654: 1292:        conn_set_state(c, conn_new_cmd);
   193654: 1293:        return;
        -: 1294:    }
        -: 1295:
   282333: 1296:    if (settings.verbose > 1)
    #####: 1297:        fprintf(stderr, ">%d %s\n", c->sfd, str);
        -: 1298:
        -: 1299:    // Fill response object with static string.
        -: 1300:
   282333: 1301:    len = strlen(str);
   282333: 1302:    if ((len + 2) > WRITE_BUFFER_SIZE) {
        -: 1303:        /* ought to be always enough. just fail for simplicity */
    #####: 1304:        str = "SERVER_ERROR output line too long";
    #####: 1305:        len = strlen(str);
        -: 1306:    }
        -: 1307:
   282333: 1308:    memcpy(resp->wbuf, str, len);
   282333: 1309:    memcpy(resp->wbuf + len, "\r\n", 2);
   282333: 1310:    resp_add_iov(resp, resp->wbuf, len + 2);
        -: 1311:
   282333: 1312:    conn_set_state(c, conn_new_cmd);
   282333: 1313:    return;
        -: 1314:}
        -: 1315:
        -: 1316:// For metaget-style ASCII commands. Ignores noreply, ensuring clients see
        -: 1317:// protocol level errors.
        4: 1318:void out_errstring(conn *c, const char *str) {
        4: 1319:    c->noreply = false;
        4: 1320:    out_string(c, str);
        4: 1321:}
        -: 1322:
        -: 1323:/*
        -: 1324: * Outputs a protocol-specific "out of memory" error. For ASCII clients,
        -: 1325: * this is equivalent to out_string().
        -: 1326: */
        7: 1327:void out_of_memory(conn *c, char *ascii_error) {
        7: 1328:    const static char error_prefix[] = "SERVER_ERROR ";
        7: 1329:    const static int error_prefix_len = sizeof(error_prefix) - 1;
        -: 1330:
        7: 1331:    if (c->protocol == binary_prot) {
        -: 1332:        /* Strip off the generic error prefix; it's irrelevant in binary */
    #####: 1333:        if (!strncmp(ascii_error, error_prefix, error_prefix_len)) {
    #####: 1334:            ascii_error += error_prefix_len;
        -: 1335:        }
    #####: 1336:        write_bin_error(c, PROTOCOL_BINARY_RESPONSE_ENOMEM, ascii_error, 0);
        -: 1337:    } else {
        7: 1338:        out_string(c, ascii_error);
        -: 1339:    }
        7: 1340:}
        -: 1341:
     3323: 1342:static void append_bin_stats(const char *key, const uint16_t klen,
        -: 1343:                             const char *val, const uint32_t vlen,
        -: 1344:                             conn *c) {
     3323: 1345:    char *buf = c->stats.buffer + c->stats.offset;
     3323: 1346:    uint32_t bodylen = klen + vlen;
     3323: 1347:    protocol_binary_response_header header = {
        -: 1348:        .response.magic = (uint8_t)PROTOCOL_BINARY_RES,
        -: 1349:        .response.opcode = PROTOCOL_BINARY_CMD_STAT,
     3323: 1350:        .response.keylen = (uint16_t)htons(klen),
        -: 1351:        .response.datatype = (uint8_t)PROTOCOL_BINARY_RAW_BYTES,
     3323: 1352:        .response.bodylen = htonl(bodylen),
     3323: 1353:        .response.opaque = c->opaque
        -: 1354:    };
        -: 1355:
     3323: 1356:    memcpy(buf, header.bytes, sizeof(header.response));
     3323: 1357:    buf += sizeof(header.response);
        -: 1358:
     3323: 1359:    if (klen > 0) {
     3279: 1360:        memcpy(buf, key, klen);
     3279: 1361:        buf += klen;
        -: 1362:
     3279: 1363:        if (vlen > 0) {
     3279: 1364:            memcpy(buf, val, vlen);
        -: 1365:        }
        -: 1366:    }
        -: 1367:
     3323: 1368:    c->stats.offset += sizeof(header.response) + bodylen;
     3323: 1369:}
        -: 1370:
   496655: 1371:static void append_ascii_stats(const char *key, const uint16_t klen,
        -: 1372:                               const char *val, const uint32_t vlen,
        -: 1373:                               conn *c) {
   496655: 1374:    char *pos = c->stats.buffer + c->stats.offset;
   496655: 1375:    uint32_t nbytes = 0;
   496655: 1376:    int remaining = c->stats.size - c->stats.offset;
   496655: 1377:    int room = remaining - 1;
        -: 1378:
   496655: 1379:    if (klen == 0 && vlen == 0) {
     5961: 1380:        nbytes = snprintf(pos, room, "END\r\n");
   490694: 1381:    } else if (vlen == 0) {
    #####: 1382:        nbytes = snprintf(pos, room, "STAT %s\r\n", key);
        -: 1383:    } else {
   490694: 1384:        nbytes = snprintf(pos, room, "STAT %s %s\r\n", key, val);
        -: 1385:    }
        -: 1386:
   496655: 1387:    c->stats.offset += nbytes;
   496655: 1388:}
        -: 1389:
   499978: 1390:static bool grow_stats_buf(conn *c, size_t needed) {
   499978: 1391:    size_t nsize = c->stats.size;
   499978: 1392:    size_t available = nsize - c->stats.offset;
   499978: 1393:    bool rv = true;
        -: 1394:
        -: 1395:    /* Special case: No buffer -- need to allocate fresh */
   499978: 1396:    if (c->stats.buffer == NULL) {
     6005: 1397:        nsize = 1024;
     6005: 1398:        available = c->stats.size = c->stats.offset = 0;
        -: 1399:    }
        -: 1400:
   509801: 1401:    while (needed > available) {
    9823*: 1402:        assert(nsize > 0);
     9823: 1403:        nsize = nsize << 1;
     9823: 1404:        available = nsize - c->stats.offset;
        -: 1405:    }
        -: 1406:
   499978: 1407:    if (nsize != c->stats.size) {
     9823: 1408:        char *ptr = realloc(c->stats.buffer, nsize);
     9823: 1409:        if (ptr) {
     9823: 1410:            c->stats.buffer = ptr;
     9823: 1411:            c->stats.size = nsize;
        -: 1412:        } else {
    #####: 1413:            STATS_LOCK();
    #####: 1414:            stats.malloc_fails++;
    #####: 1415:            STATS_UNLOCK();
    #####: 1416:            rv = false;
        -: 1417:        }
        -: 1418:    }
        -: 1419:
   499978: 1420:    return rv;
        -: 1421:}
        -: 1422:
   499978: 1423:void append_stats(const char *key, const uint16_t klen,
        -: 1424:                  const char *val, const uint32_t vlen,
        -: 1425:                  const void *cookie)
        -: 1426:{
        -: 1427:    /* value without a key is invalid */
   499978: 1428:    if (klen == 0 && vlen > 0) {
        -: 1429:        return;
        -: 1430:    }
        -: 1431:
   499978: 1432:    conn *c = (conn*)cookie;
        -: 1433:
   499978: 1434:    if (c->protocol == binary_prot) {
     3323: 1435:        size_t needed = vlen + klen + sizeof(protocol_binary_response_header);
     3323: 1436:        if (!grow_stats_buf(c, needed)) {
        -: 1437:            return;
        -: 1438:        }
     3323: 1439:        append_bin_stats(key, klen, val, vlen, c);
        -: 1440:    } else {
   496655: 1441:        size_t needed = vlen + klen + 10; // 10 == "STAT = \r\n"
   496655: 1442:        if (!grow_stats_buf(c, needed)) {
        -: 1443:            return;
        -: 1444:        }
   496655: 1445:        append_ascii_stats(key, klen, val, vlen, c);
        -: 1446:    }
        -: 1447:
  499978*: 1448:    assert(c->stats.offset <= c->stats.size);
        -: 1449:}
        -: 1450:
  1010265: 1451:static void reset_cmd_handler(conn *c) {
  1010265: 1452:    c->cmd = -1;
  1010265: 1453:    c->substate = bin_no_state;
  1010265: 1454:    if (c->item != NULL) {
        -: 1455:        // TODO: Any other way to get here?
        -: 1456:        // SASL auth was mistakenly using it. Nothing else should?
    #####: 1457:        if (c->item_malloced) {
    #####: 1458:            free(c->item);
    #####: 1459:            c->item_malloced = false;
        -: 1460:        } else {
    #####: 1461:            item_remove(c->item);
        -: 1462:        }
    #####: 1463:        c->item = NULL;
        -: 1464:    }
  1010265: 1465:    if (c->rbytes > 0) {
   152991: 1466:        conn_set_state(c, conn_parse_cmd);
   857274: 1467:    } else if (c->resp_head) {
   369962: 1468:        conn_set_state(c, conn_mwrite);
        -: 1469:    } else {
   487312: 1470:        conn_set_state(c, conn_waiting);
        -: 1471:    }
  1010265: 1472:}
        -: 1473:
   356027: 1474:static void complete_nread(conn *c) {
  356027*: 1475:    assert(c != NULL);
        -: 1476:#ifdef PROXY
        -: 1477:    assert(c->protocol == ascii_prot
        -: 1478:           || c->protocol == binary_prot
        -: 1479:           || c->protocol == proxy_prot);
        -: 1480:#else
  356027*: 1481:    assert(c->protocol == ascii_prot
        -: 1482:           || c->protocol == binary_prot);
        -: 1483:#endif
   356027: 1484:    if (c->protocol == ascii_prot) {
   330937: 1485:        complete_nread_ascii(c);
    25090: 1486:    } else if (c->protocol == binary_prot) {
    25090: 1487:        complete_nread_binary(c);
        -: 1488:#ifdef PROXY
        -: 1489:    } else if (c->protocol == proxy_prot) {
        -: 1490:        complete_nread_proxy(c);
        -: 1491:#endif
        -: 1492:    }
   356027: 1493:}
        -: 1494:
        -: 1495:/* Destination must always be chunked */
        -: 1496:/* This should be part of item.c */
    27032: 1497:static int _store_item_copy_chunks(item *d_it, item *s_it, const int len) {
    27032: 1498:    item_chunk *dch = (item_chunk *) ITEM_schunk(d_it);
        -: 1499:    /* Advance dch until we find free space */
    77099: 1500:    while (dch->size == dch->used) {
    77099: 1501:        if (dch->next) {
        -: 1502:            dch = dch->next;
        -: 1503:        } else {
        -: 1504:            break;
        -: 1505:        }
        -: 1506:    }
        -: 1507:
    27032: 1508:    if (s_it->it_flags & ITEM_CHUNKED) {
    13516: 1509:        int remain = len;
    13516: 1510:        item_chunk *sch = (item_chunk *) ITEM_schunk(s_it);
    13516: 1511:        int copied = 0;
        -: 1512:        /* Fills dch's to capacity, not straight copy sch in case data is
        -: 1513:         * being added or removed (ie append/prepend)
        -: 1514:         */
   136671: 1515:        while (sch && dch && remain) {
  123155*: 1516:            assert(dch->used <= dch->size);
   123155: 1517:            int todo = (dch->size - dch->used < sch->used - copied)
        -: 1518:                ? dch->size - dch->used : sch->used - copied;
   123155: 1519:            if (remain < todo)
        -: 1520:                todo = remain;
   123155: 1521:            memcpy(dch->data + dch->used, sch->data + copied, todo);
   123155: 1522:            dch->used += todo;
   123155: 1523:            copied += todo;
   123155: 1524:            remain -= todo;
  123155*: 1525:            assert(dch->used <= dch->size);
   123155: 1526:            if (dch->size == dch->used) {
    73103: 1527:                item_chunk *tch = do_item_alloc_chunk(dch, remain);
    73103: 1528:                if (tch) {
        -: 1529:                    dch = tch;
        -: 1530:                } else {
        -: 1531:                    return -1;
        -: 1532:                }
        -: 1533:            }
  123155*: 1534:            assert(copied <= sch->used);
   123155: 1535:            if (copied == sch->used) {
    93361: 1536:                copied = 0;
    93361: 1537:                sch = sch->next;
        -: 1538:            }
        -: 1539:        }
        -: 1540:        /* assert that the destination had enough space for the source */
   13516*: 1541:        assert(remain == 0);
        -: 1542:    } else {
        -: 1543:        int done = 0;
        -: 1544:        /* Fill dch's via a non-chunked item. */
    40548: 1545:        while (len > done && dch) {
    27032: 1546:            int todo = (dch->size - dch->used < len - done)
        -: 1547:                ? dch->size - dch->used : len - done;
        -: 1548:            //assert(dch->size - dch->used != 0);
    27032: 1549:            memcpy(dch->data + dch->used, ITEM_data(s_it) + done, todo);
    27032: 1550:            done += todo;
    27032: 1551:            dch->used += todo;
   27032*: 1552:            assert(dch->used <= dch->size);
    27032: 1553:            if (dch->size == dch->used) {
    27032: 1554:                item_chunk *tch = do_item_alloc_chunk(dch, len - done);
    27032: 1555:                if (tch) {
        -: 1556:                    dch = tch;
        -: 1557:                } else {
        -: 1558:                    return -1;
        -: 1559:                }
        -: 1560:            }
        -: 1561:        }
   13516*: 1562:        assert(len == done);
        -: 1563:    }
        -: 1564:    return 0;
        -: 1565:}
        -: 1566:
    16017: 1567:static int _store_item_copy_data(int comm, item *old_it, item *new_it, item *add_it) {
    16017: 1568:    if (comm == NREAD_APPEND || comm == NREAD_APPENDVIV) {
     8010: 1569:        if (new_it->it_flags & ITEM_CHUNKED) {
    13516: 1570:            if (_store_item_copy_chunks(new_it, old_it, old_it->nbytes - 2) == -1 ||
     6758: 1571:                _store_item_copy_chunks(new_it, add_it, add_it->nbytes) == -1) {
    #####: 1572:                return -1;
        -: 1573:            }
        -: 1574:        } else {
     1252: 1575:            memcpy(ITEM_data(new_it), ITEM_data(old_it), old_it->nbytes);
     1252: 1576:            memcpy(ITEM_data(new_it) + old_it->nbytes - 2 /* CRLF */, ITEM_data(add_it), add_it->nbytes);
        -: 1577:        }
        -: 1578:    } else {
        -: 1579:        /* NREAD_PREPEND */
     8007: 1580:        if (new_it->it_flags & ITEM_CHUNKED) {
    13516: 1581:            if (_store_item_copy_chunks(new_it, add_it, add_it->nbytes - 2) == -1 ||
     6758: 1582:                _store_item_copy_chunks(new_it, old_it, old_it->nbytes) == -1) {
    #####: 1583:                return -1;
        -: 1584:            }
        -: 1585:        } else {
     1249: 1586:            memcpy(ITEM_data(new_it), ITEM_data(add_it), add_it->nbytes);
     1249: 1587:            memcpy(ITEM_data(new_it) + add_it->nbytes - 2 /* CRLF */, ITEM_data(old_it), old_it->nbytes);
        -: 1588:        }
        -: 1589:    }
        -: 1590:    return 0;
        -: 1591:}
        -: 1592:
        -: 1593:/*
        -: 1594: * Stores an item in the cache according to the semantics of one of the set
        -: 1595: * commands. Protected by the item lock.
        -: 1596: *
        -: 1597: * Returns the state of storage.
        -: 1598: */
   356080: 1599:enum store_item_type do_store_item(item *it, int comm, LIBEVENT_THREAD *t, const uint32_t hv, int *nbytes, uint64_t *cas, uint64_t cas_in, bool cas_stale) {
   356080: 1600:    char *key = ITEM_key(it);
   356080: 1601:    item *old_it = do_item_get(key, it->nkey, hv, t, DONT_UPDATE);
   356080: 1602:    enum store_item_type stored = NOT_STORED;
        -: 1603:
   356080: 1604:    enum cas_result { CAS_NONE, CAS_MATCH, CAS_BADVAL, CAS_STALE, CAS_MISS };
        -: 1605:
   356080: 1606:    item *new_it = NULL;
   356080: 1607:    client_flags_t flags;
        -: 1608:
        -: 1609:    /* Do the CAS test up front so we can apply to all store modes */
   356080: 1610:    enum cas_result cas_res = CAS_NONE;
        -: 1611:
   356080: 1612:    bool do_store = false;
   356080: 1613:    if (old_it != NULL) {
        -: 1614:        // Most of the CAS work requires something to compare to.
    36520: 1615:        uint64_t it_cas = ITEM_get_cas(it);
    36520: 1616:        uint64_t old_cas = ITEM_get_cas(old_it);
    36520: 1617:        if (it_cas == 0) {
        -: 1618:            cas_res = CAS_NONE;
       23: 1619:        } else if (it_cas == old_cas) {
        -: 1620:            cas_res = CAS_MATCH;
       10: 1621:        } else if (cas_stale && it_cas < old_cas) {
        -: 1622:            cas_res = CAS_STALE;
        -: 1623:        } else {
        9: 1624:            cas_res = CAS_BADVAL;
        -: 1625:        }
        -: 1626:
    36520: 1627:        switch (comm) {
      648: 1628:            case NREAD_ADD:
        -: 1629:                /* add only adds a nonexistent item, but promote to head of LRU */
      648: 1630:                do_item_update(old_it);
      648: 1631:                break;
       23: 1632:            case NREAD_CAS:
       23: 1633:                if (cas_res == CAS_MATCH) {
        -: 1634:                    // cas validates
        -: 1635:                    // it and old_it may belong to different classes.
        -: 1636:                    // I'm updating the stats for the one that's getting pushed out
       12: 1637:                    pthread_mutex_lock(&t->stats.mutex);
       12: 1638:                    t->stats.slab_stats[ITEM_clsid(old_it)].cas_hits++;
       12: 1639:                    pthread_mutex_unlock(&t->stats.mutex);
       12: 1640:                    do_store = true;
       11: 1641:                } else if (cas_res == CAS_STALE) {
        -: 1642:                    // if we're allowed to set a stale value, CAS must be lower than
        -: 1643:                    // the current item's CAS.
        -: 1644:                    // This replaces the value, but should preserve TTL, and stale
        -: 1645:                    // item marker bit + token sent if exists.
        1: 1646:                    it->exptime = old_it->exptime;
        1: 1647:                    it->it_flags |= ITEM_STALE;
        1: 1648:                    if (old_it->it_flags & ITEM_TOKEN_SENT) {
        1: 1649:                        it->it_flags |= ITEM_TOKEN_SENT;
        -: 1650:                    }
        -: 1651:
        1: 1652:                    pthread_mutex_lock(&t->stats.mutex);
        1: 1653:                    t->stats.slab_stats[ITEM_clsid(old_it)].cas_hits++;
        1: 1654:                    pthread_mutex_unlock(&t->stats.mutex);
        1: 1655:                    do_store = true;
        -: 1656:                } else {
        -: 1657:                    // NONE or BADVAL are the same for CAS cmd
       10: 1658:                    pthread_mutex_lock(&t->stats.mutex);
       10: 1659:                    t->stats.slab_stats[ITEM_clsid(old_it)].cas_badval++;
       10: 1660:                    pthread_mutex_unlock(&t->stats.mutex);
        -: 1661:
       10: 1662:                    if (settings.verbose > 1) {
    #####: 1663:                        fprintf(stderr, "CAS:  failure: expected %llu, got %llu\n",
    #####: 1664:                                (unsigned long long)ITEM_get_cas(old_it),
    #####: 1665:                                (unsigned long long)ITEM_get_cas(it));
        -: 1666:                    }
        -: 1667:                    stored = EXISTS;
        -: 1668:                }
        -: 1669:                break;
    16019: 1670:            case NREAD_APPEND:
        -: 1671:            case NREAD_PREPEND:
        -: 1672:            case NREAD_APPENDVIV:
        -: 1673:            case NREAD_PREPENDVIV:
    16019: 1674:                if (cas_res != CAS_NONE && cas_res != CAS_MATCH) {
        -: 1675:                    stored = EXISTS;
        -: 1676:                    break;
        -: 1677:                }
        -: 1678:#ifdef EXTSTORE
    16019: 1679:                if ((old_it->it_flags & ITEM_HDR) != 0) {
        -: 1680:                    /* block append/prepend from working with extstore-d items.
        -: 1681:                     * leave response code to NOT_STORED default */
        -: 1682:                    break;
        -: 1683:                }
        -: 1684:#endif
        -: 1685:                /* we have it and old_it here - alloc memory to hold both */
    16017: 1686:                FLAGS_CONV(old_it, flags);
    16017: 1687:                new_it = do_item_alloc(key, it->nkey, flags, old_it->exptime, it->nbytes + old_it->nbytes - 2 /* CRLF */);
        -: 1688:
        -: 1689:                // OOM trying to copy.
    16017: 1690:                if (new_it == NULL)
        -: 1691:                    break;
        -: 1692:                /* copy data from it and old_it to new_it */
    16017: 1693:                if (_store_item_copy_data(comm, old_it, new_it, it) == -1) {
[...]
    #####: 5956:        if (username == 0 || *username == '\0') {
    #####: 5957:            fprintf(stderr, "can't run as root without the -u switch\n");
    #####: 5958:            exit(EX_USAGE);
        -: 5959:        }
    #####: 5960:        if ((pw = getpwnam(username)) == 0) {
    #####: 5961:            fprintf(stderr, "can't find the user %s to switch to\n", username);
    #####: 5962:            exit(EX_NOUSER);
        -: 5963:        }
    #####: 5964:        if (setgroups(0, NULL) < 0) {
        -: 5965:            /* setgroups may fail with EPERM, indicating we are already in a
        -: 5966:             * minimally-privileged state. In that case we continue. For all
        -: 5967:             * other failure codes we exit.
        -: 5968:             *
        -: 5969:             * Note that errno is stored here because fprintf may change it.
        -: 5970:             */
    #####: 5971:            bool should_exit = errno != EPERM;
    #####: 5972:            fprintf(stderr, "failed to drop supplementary groups: %s\n",
        -: 5973:                    strerror(errno));
    #####: 5974:            if (should_exit) {
    #####: 5975:                exit(EX_OSERR);
        -: 5976:            }
        -: 5977:        }
    #####: 5978:        if (setgid(pw->pw_gid) < 0 || setuid(pw->pw_uid) < 0) {
    #####: 5979:            fprintf(stderr, "failed to assume identity of user %s\n", username);
    #####: 5980:            exit(EX_OSERR);
        -: 5981:        }
        -: 5982:    }
        -: 5983:
        -: 5984:    /* Initialize Sasl if -S was specified */
      120: 5985:    if (settings.sasl) {
      120: 5986:        init_sasl();
        -: 5987:    }
        -: 5988:
        -: 5989:    /* daemonize if requested */
        -: 5990:    /* if we want to ensure our ability to dump core, don't chdir to / */
      120: 5991:    if (do_daemonize) {
    #####: 5992:        if (daemonize(maxcore, settings.verbose) == -1) {
    #####: 5993:            fprintf(stderr, "failed to daemon() in order to daemonize\n");
    #####: 5994:            exit(EXIT_FAILURE);
        -: 5995:        }
        -: 5996:    }
        -: 5997:
        -: 5998:    /* lock paged memory if needed */
      121: 5999:    if (lock_memory) {
        -: 6000:#ifdef HAVE_MLOCKALL
    #####: 6001:        int res = mlockall(MCL_CURRENT | MCL_FUTURE);
    #####: 6002:        if (res != 0) {
    #####: 6003:            fprintf(stderr, "warning: -k invalid, mlockall() failed: %s\n",
    #####: 6004:                    strerror(errno));
        -: 6005:        }
        -: 6006:#else
        -: 6007:        fprintf(stderr, "warning: -k invalid, mlockall() not supported on this platform.  proceeding without.\n");
        -: 6008:#endif
        -: 6009:    }
        -: 6010:
        -: 6011:    /* initialize main thread libevent instance */
        -: 6012:#if defined(LIBEVENT_VERSION_NUMBER) && LIBEVENT_VERSION_NUMBER >= 0x02000101
        -: 6013:    /* If libevent version is larger/equal to 2.0.2-alpha, use newer version */
      121: 6014:    struct event_config *ev_config;
      121: 6015:    ev_config = event_config_new();
      121: 6016:    event_config_set_flag(ev_config, EVENT_BASE_FLAG_NOLOCK);
      121: 6017:    main_base = event_base_new_with_config(ev_config);
      121: 6018:    event_config_free(ev_config);
        -: 6019:#else
        -: 6020:    /* Otherwise, use older API */
        -: 6021:    main_base = event_init();
        -: 6022:#endif
        -: 6023:
        -: 6024:    /* Load initial auth file if required */
      121: 6025:    if (settings.auth_file) {
        1: 6026:        if (settings.udpport) {
    #####: 6027:            fprintf(stderr, "Cannot use UDP with ascii authentication enabled (-U 0 to disable)\n");
    #####: 6028:            exit(EX_USAGE);
        -: 6029:        }
        -: 6030:
        1: 6031:        switch (authfile_load(settings.auth_file)) {
    #####: 6032:            case AUTHFILE_STATFAIL:
    #####: 6033:                vperror("Could not stat authfile [%s], error %s", settings.auth_file
    #####: 6034:                                                            , strerror(errno));
    #####: 6035:                exit(EXIT_FAILURE);
    #####: 6036:                break;
    #####: 6037:            case AUTHFILE_OPENFAIL:
    #####: 6038:                vperror("Could not open authfile [%s] for reading, error %s", settings.auth_file
    #####: 6039:                                                                           , strerror(errno));
    #####: 6040:                exit(EXIT_FAILURE);
    #####: 6041:                break;
    #####: 6042:            case AUTHFILE_OOM:
    #####: 6043:                fprintf(stderr, "Out of memory reading password file: %s", settings.auth_file);
    #####: 6044:                exit(EXIT_FAILURE);
    #####: 6045:                break;
    #####: 6046:            case AUTHFILE_MALFORMED:
    #####: 6047:                fprintf(stderr, "Authfile [%s] has a malformed entry. Should be 'user:password'", settings.auth_file);
    #####: 6048:                exit(EXIT_FAILURE);
        -: 6049:                break;
        -: 6050:            case AUTHFILE_OK:
        -: 6051:                break;
        -: 6052:        }
        -: 6053:    }
        -: 6054:
        -: 6055:    /* initialize other stuff */
      121: 6056:    stats_init();
      121: 6057:    logger_init();
      121: 6058:    conn_init();
      121: 6059:    bool reuse_mem = false;
      121: 6060:    void *mem_base = NULL;
      121: 6061:    bool prefill = false;
      121: 6062:    if (settings.memory_file != NULL) {
        2: 6063:        preallocate = true;
        -: 6064:        // Easier to manage memory if we prefill the global pool when reusing.
        2: 6065:        prefill = true;
        2: 6066:        restart_register("main", _mc_meta_load_cb, _mc_meta_save_cb, meta);
        4: 6067:        reuse_mem = restart_mmap_open(settings.maxbytes,
        2: 6068:                        settings.memory_file,
        -: 6069:                        &mem_base);
        -: 6070:        // The "save" callback gets called when we're closing out the mmap,
        -: 6071:        // but we don't know what the mmap_base is until after we call open.
        -: 6072:        // So we pass the struct above but have to fill it in here so the
        -: 6073:        // data's available during the save routine.
        2: 6074:        meta->mmap_base = mem_base;
        -: 6075:        // Also, the callbacks for load() run before _open returns, so we
        -: 6076:        // should have the old base in 'meta' as of here.
        -: 6077:    }
        -: 6078:    // Initialize the hash table _after_ checking restart metadata.
        -: 6079:    // We override the hash table start argument with what was live
        -: 6080:    // previously, to avoid filling a huge set of items into a tiny hash
        -: 6081:    // table.
      121: 6082:    assoc_init(settings.hashpower_init);
        -: 6083:#ifdef EXTSTORE
      121: 6084:    if (storage_enabled && reuse_mem) {
    #####: 6085:        fprintf(stderr, "[restart] memory restart with extstore not presently supported.\n");
    #####: 6086:        reuse_mem = false;
        -: 6087:    }
        -: 6088:#endif
      242: 6089:    slabs_init(settings.maxbytes, settings.factor, preallocate,
        -: 6090:            use_slab_sizes ? slab_sizes : NULL, mem_base, reuse_mem);
        -: 6091:#ifdef EXTSTORE
      121: 6092:    if (storage_enabled) {
       13: 6093:        storage = storage_init(storage_cf);
       13: 6094:        if (storage == NULL) {
        1: 6095:            exit(EXIT_FAILURE);
        -: 6096:        }
       12: 6097:        ext_storage = storage;
        -: 6098:        /* page mover algorithm for extstore needs memory prefilled */
       12: 6099:        prefill = true;
        -: 6100:    }
        -: 6101:#endif
        -: 6102:
      120: 6103:    if (settings.drop_privileges) {
      120: 6104:        setup_privilege_violations_handler();
        -: 6105:    }
        -: 6106:
      120: 6107:    if (prefill)
       14: 6108:        slabs_prefill_global();
        -: 6109:    /* In restartable mode and we've decided to issue a fixup on memory */
      120: 6110:    if (settings.memory_file != NULL && reuse_mem) {
        1: 6111:        mc_ptr_t old_base = meta->old_base;
        1: 6112:        assert(old_base == meta->old_base);
        -: 6113:
        -: 6114:        // should've pulled in process_started from meta file.
        1: 6115:        process_started = meta->process_started;
        -: 6116:        // TODO: must be a more canonical way of serializing/deserializing
        -: 6117:        // pointers? passing through uint64_t should work, and we're not
        -: 6118:        // annotating the pointer with anything, but it's still slightly
        -: 6119:        // insane.
        1: 6120:        restart_fixup((void *)old_base);
        -: 6121:    }
        -: 6122:    /*
        -: 6123:     * ignore SIGPIPE signals; we can use errno == EPIPE if we
        -: 6124:     * need that information
        -: 6125:     */
      120: 6126:    if (signal(SIGPIPE, SIG_IGN) == SIG_ERR) {
    #####: 6127:        perror("failed to ignore SIGPIPE; sigaction");
    #####: 6128:        exit(EX_OSERR);
        -: 6129:    }
        -: 6130:    /* start up worker threads if MT mode */
        -: 6131:#ifdef PROXY
        -: 6132:    if (settings.proxy_enabled) {
        -: 6133:        settings.proxy_ctx = proxy_init(settings.proxy_uring, settings.proxy_memprofile);
        -: 6134:    }
        -: 6135:#endif
        -: 6136:#ifdef EXTSTORE
      120: 6137:    slabs_set_storage(storage);
      120: 6138:    memcached_thread_init(settings.num_threads, storage);
      120: 6139:    init_lru_crawler(storage);
        -: 6140:#else
        -: 6141:    memcached_thread_init(settings.num_threads, NULL);
        -: 6142:    init_lru_crawler(NULL);
        -: 6143:#endif
        -: 6144:
        -: 6145:#ifdef PROXY
        -: 6146:    if (settings.proxy_enabled) {
        -: 6147:        if (proxy_first_confload(settings.proxy_ctx) != 0) {
        -: 6148:            exit(EXIT_FAILURE);
        -: 6149:        }
        -: 6150:    }
        -: 6151:#endif
        -: 6152:
      120: 6153:    if (start_assoc_maint && start_assoc_maintenance_thread() == -1) {
    #####: 6154:        exit(EXIT_FAILURE);
        -: 6155:    }
      120: 6156:    if (start_lru_crawler && start_item_crawler_thread() != 0) {
    #####: 6157:        fprintf(stderr, "Failed to enable LRU crawler thread\n");
    #####: 6158:        exit(EXIT_FAILURE);
        -: 6159:    }
        -: 6160:#ifdef EXTSTORE
      120: 6161:    if (storage && start_storage_compact_thread(storage) != 0) {
    #####: 6162:        fprintf(stderr, "Failed to start storage compaction thread\n");
    #####: 6163:        exit(EXIT_FAILURE);
        -: 6164:    }
       12: 6165:    if (storage && start_storage_write_thread(storage) != 0) {
    #####: 6166:        fprintf(stderr, "Failed to start storage writer thread\n");
    #####: 6167:        exit(EXIT_FAILURE);
        -: 6168:    }
        -: 6169:
      120: 6170:    if (start_lru_maintainer && start_lru_maintainer_thread(storage) != 0) {
        -: 6171:#else
        -: 6172:    if (start_lru_maintainer && start_lru_maintainer_thread(NULL) != 0) {
        -: 6173:#endif
    #####: 6174:        fprintf(stderr, "Failed to enable LRU maintainer thread\n");
    #####: 6175:        free(meta);
    #####: 6176:        return 1;
        -: 6177:    }
        -: 6178:
      233: 6179:    if (settings.slab_reassign &&
      113: 6180:        start_slab_maintenance_thread() == -1) {
    #####: 6181:        exit(EXIT_FAILURE);
        -: 6182:    }
        -: 6183:
      120: 6184:    if (settings.idle_timeout && start_conn_timeout_thread() == -1) {
    #####: 6185:        exit(EXIT_FAILURE);
        -: 6186:    }
        -: 6187:
        -: 6188:    /* initialise clock event */
        -: 6189:#if defined(HAVE_CLOCK_GETTIME) && defined(CLOCK_MONOTONIC)
        -: 6190:    {
      120: 6191:        struct timespec ts;
      120: 6192:        if (clock_gettime(CLOCK_MONOTONIC, &ts) == 0) {
      120: 6193:            monotonic = true;
      120: 6194:            monotonic_start = ts.tv_sec;
        -: 6195:            // Monotonic clock needs special handling for restarts.
        -: 6196:            // We get a start time at an arbitrary place, so we need to
        -: 6197:            // restore the original time delta, which is always "now" - _start
      120: 6198:            if (reuse_mem) {
        -: 6199:                // the running timespan at stop time + the time we think we
        -: 6200:                // were stopped.
        1: 6201:                monotonic_start -= meta->current_time + meta->time_delta;
        -: 6202:            } else {
      119: 6203:                monotonic_start -= ITEM_UPDATE_INTERVAL + 2;
        -: 6204:            }
        -: 6205:        }
        -: 6206:    }
        -: 6207:#endif
      120: 6208:    clock_handler(0, 0, 0);
        -: 6209:
        -: 6210:    /* create unix mode sockets after dropping privileges */
      120: 6211:    if (settings.socketpath != NULL) {
       99: 6212:        errno = 0;
       99: 6213:        if (server_socket_unix(settings.socketpath,settings.access)) {
    #####: 6214:            vperror("failed to listen on UNIX socket: %s", settings.socketpath);
    #####: 6215:            exit(EX_OSERR);
        -: 6216:        }
        -: 6217:    }
        -: 6218:
        -: 6219:    /* create the listening socket, bind it, and init */
      120: 6220:    if (settings.socketpath == NULL) {
       21: 6221:        const char *portnumber_filename = getenv("MEMCACHED_PORT_FILENAME");
       21: 6222:        char *temp_portnumber_filename = NULL;
       21: 6223:        size_t len;
       21: 6224:        FILE *portnumber_file = NULL;
        -: 6225:
       21: 6226:        if (portnumber_filename != NULL) {
       14: 6227:            len = strlen(portnumber_filename)+4+1;
       14: 6228:            temp_portnumber_filename = malloc(len);
       14: 6229:            if (temp_portnumber_filename == NULL) {
    #####: 6230:                vperror("Failed to allocate memory for portnumber file");
    #####: 6231:                exit(EX_OSERR);
        -: 6232:            }
       14: 6233:            snprintf(temp_portnumber_filename,
        -: 6234:                     len,
        -: 6235:                     "%s.lck", portnumber_filename);
        -: 6236:
       14: 6237:            portnumber_file = fopen(temp_portnumber_filename, "a");
       14: 6238:            if (portnumber_file == NULL) {
    #####: 6239:                fprintf(stderr, "Failed to open \"%s\": %s\n",
    #####: 6240:                        temp_portnumber_filename, strerror(errno));
        -: 6241:            }
        -: 6242:        }
        -: 6243:
       21: 6244:        errno = 0;
       21: 6245:        if (settings.port && server_sockets(settings.port, tcp_transport,
        -: 6246:                                           portnumber_file)) {
        1: 6247:            if (settings.inter == NULL) {
    #####: 6248:                vperror("failed to listen on TCP port %d", settings.port);
        -: 6249:            } else {
        1: 6250:                vperror("failed to listen on one of interface(s) %s", settings.inter);
        -: 6251:            }
        1: 6252:            exit(EX_OSERR);
        -: 6253:        }
        -: 6254:
        -: 6255:        /*
        -: 6256:         * initialization order: first create the listening sockets
        -: 6257:         * (may need root on low ports), then drop root if needed,
        -: 6258:         * then daemonize if needed, then init libevent (in some cases
        -: 6259:         * descriptors created by libevent wouldn't survive forking).
        -: 6260:         */
        -: 6261:
        -: 6262:        /* create the UDP listening socket and bind it */
       20: 6263:        errno = 0;
       20: 6264:        if (settings.udpport && server_sockets(settings.udpport, udp_transport,
        -: 6265:                                              portnumber_file)) {
    #####: 6266:            if (settings.inter == NULL) {
    #####: 6267:                vperror("failed to listen on UDP port %d", settings.udpport);
        -: 6268:            } else {
    #####: 6269:                vperror("failed to listen on one of interface(s) %s", settings.inter);
        -: 6270:            }
    #####: 6271:            exit(EX_OSERR);
        -: 6272:        }
        -: 6273:
       20: 6274:        if (portnumber_file) {
       14: 6275:            fclose(portnumber_file);
       14: 6276:            rename(temp_portnumber_filename, portnumber_filename);
        -: 6277:        }
       20: 6278:        if (temp_portnumber_filename)
       14: 6279:            free(temp_portnumber_filename);
        -: 6280:    }
        -: 6281:
        -: 6282:    /* Give the sockets a moment to open. I know this is dumb, but the error
        -: 6283:     * is only an advisory.
        -: 6284:     */
      119: 6285:    usleep(1000);
      119: 6286:    if (stats_state.curr_conns + stats_state.reserved_fds >= settings.maxconns - 1) {
    #####: 6287:        fprintf(stderr, "Maxconns setting is too low, use -c to increase.\n");
    #####: 6288:        exit(EXIT_FAILURE);
        -: 6289:    }
        -: 6290:
      119: 6291:    if (pid_file != NULL) {
        1: 6292:        save_pid(pid_file);
        -: 6293:    }
        -: 6294:
        -: 6295:    /* Drop privileges no longer needed */
      119: 6296:    if (settings.drop_privileges) {
      119: 6297:        drop_privileges();
        -: 6298:    }
        -: 6299:
        -: 6300:    /* Initialize the uriencode lookup table. */
      119: 6301:    uriencode_init();
        -: 6302:
        -: 6303:    /* enter the event loop */
     2681: 6304:    while (!stop_main_loop) {
     2562: 6305:        if (event_base_loop(main_base, EVLOOP_ONCE) != 0) {
        -: 6306:            retval = EXIT_FAILURE;
        -: 6307:            break;
        -: 6308:        }
        -: 6309:    }
        -: 6310:
      119: 6311:    switch (stop_main_loop) {
        2: 6312:        case GRACE_STOP:
        2: 6313:            fprintf(stderr, "Gracefully stopping\n");
        2: 6314:        break;
      117: 6315:        case EXIT_NORMALLY:
        -: 6316:            // Don't need to print anything to STDERR for a normal shutdown except
        -: 6317:            // if we want to.
        -: 6318:
      117: 6319:            if (settings.verbose) {
        3: 6320:                fprintf(stderr, "Exiting normally\n");
        -: 6321:            }
        -: 6322:
        -: 6323:        break;
    #####: 6324:        default:
    #####: 6325:            fprintf(stderr, "Exiting on error\n");
    #####: 6326:        break;
        -: 6327:    }
        -: 6328:
      119: 6329:    if (stop_main_loop == GRACE_STOP) {
        2: 6330:        stop_threads();
        2: 6331:        if (settings.memory_file != NULL) {
        1: 6332:            restart_mmap_close();
        -: 6333:        }
        -: 6334:    }
        -: 6335:
        -: 6336:    /* remove the PID file if we're a daemon */
      119: 6337:    if (do_daemonize)
        1: 6338:        remove_pidfile(pid_file);
        -: 6339:    /* Clean up strdup() call for bind() address */
      119: 6340:    if (settings.inter)
        6: 6341:      free(settings.inter);
        -: 6342:
        -: 6343:    /* cleanup base */
      119: 6344:    event_base_free(main_base);
        -: 6345:
      119: 6346:    free(meta);
        -: 6347:
      119: 6348:    return retval;
        -: 6349:}
